<?xml version="1.0" encoding="UTF-8"?>
<!-- Generated by org.testng.reporters.JUnitXMLReporter -->
<testsuite ignored="0" hostname="Neenus-Air.alphionsee.in" failures="0" tests="5" name="Default test" time="106.157" errors="0" timestamp="2023-09-21T16:55:47 IST">
  <testcase classname="UserApp.TestLoginUR" name="testcase1" time="15.265"/>
  <testcase classname="UserApp.TestLoginUR" name="testcase2" time="8.677"/>
  <testcase classname="UserApp.TestLoginUR" name="testcase3" time="9.076"/>
  <testcase classname="UserApp.TestLoginUR" name="testcase4" time="8.762"/>
  <testcase classname="UserApp.TestLoginUR" name="testcase5" time="7.937"/>
</testsuite> <!-- Default test -->
