<?xml version="1.0" encoding="UTF-8"?>
<testng-results ignored="0" total="5" passed="5" failed="0" skipped="0">
  <reporter-output>
  </reporter-output>
  <suite started-at="2023-09-21T16:54:01 IST" name="Default suite" finished-at="2023-09-21T16:55:47 IST" duration-ms="106157">
    <groups>
    </groups>
    <test started-at="2023-09-21T16:54:01 IST" name="Default test" finished-at="2023-09-21T16:55:47 IST" duration-ms="106157">
      <class name="UserApp.TestLoginUR">
        <test-method is-config="true" signature="setup()[pri:0, instance:UserApp.TestLoginUR@14028087]" started-at="2023-09-21T16:54:01 IST" name="setup" finished-at="2023-09-21T16:54:14 IST" duration-ms="13279" status="PASS">
          <reporter-output>
          </reporter-output>
        </test-method> <!-- setup -->
        <test-method signature="testcase1()[pri:1, instance:UserApp.TestLoginUR@14028087]" started-at="2023-09-21T16:54:14 IST" name="testcase1" finished-at="2023-09-21T16:54:29 IST" duration-ms="15265" status="PASS">
          <reporter-output>
          </reporter-output>
        </test-method> <!-- testcase1 -->
        <test-method is-config="true" signature="setup()[pri:0, instance:UserApp.TestLoginUR@14028087]" started-at="2023-09-21T16:54:29 IST" name="setup" finished-at="2023-09-21T16:54:40 IST" duration-ms="11083" status="PASS">
          <reporter-output>
          </reporter-output>
        </test-method> <!-- setup -->
        <test-method signature="testcase2()[pri:2, instance:UserApp.TestLoginUR@14028087]" started-at="2023-09-21T16:54:40 IST" name="testcase2" finished-at="2023-09-21T16:54:49 IST" duration-ms="8677" status="PASS">
          <reporter-output>
          </reporter-output>
        </test-method> <!-- testcase2 -->
        <test-method is-config="true" signature="setup()[pri:0, instance:UserApp.TestLoginUR@14028087]" started-at="2023-09-21T16:54:49 IST" name="setup" finished-at="2023-09-21T16:54:59 IST" duration-ms="10482" status="PASS">
          <reporter-output>
          </reporter-output>
        </test-method> <!-- setup -->
        <test-method signature="testcase3()[pri:3, instance:UserApp.TestLoginUR@14028087]" started-at="2023-09-21T16:54:59 IST" name="testcase3" finished-at="2023-09-21T16:55:09 IST" duration-ms="9076" status="PASS">
          <reporter-output>
          </reporter-output>
        </test-method> <!-- testcase3 -->
        <test-method is-config="true" signature="setup()[pri:0, instance:UserApp.TestLoginUR@14028087]" started-at="2023-09-21T16:55:09 IST" name="setup" finished-at="2023-09-21T16:55:20 IST" duration-ms="11257" status="PASS">
          <reporter-output>
          </reporter-output>
        </test-method> <!-- setup -->
        <test-method signature="testcase4()[pri:4, instance:UserApp.TestLoginUR@14028087]" started-at="2023-09-21T16:55:20 IST" name="testcase4" finished-at="2023-09-21T16:55:29 IST" duration-ms="8762" status="PASS">
          <reporter-output>
          </reporter-output>
        </test-method> <!-- testcase4 -->
        <test-method is-config="true" signature="setup()[pri:0, instance:UserApp.TestLoginUR@14028087]" started-at="2023-09-21T16:55:29 IST" name="setup" finished-at="2023-09-21T16:55:39 IST" duration-ms="10261" status="PASS">
          <reporter-output>
          </reporter-output>
        </test-method> <!-- setup -->
        <test-method signature="testcase5()[pri:5, instance:UserApp.TestLoginUR@14028087]" started-at="2023-09-21T16:55:39 IST" name="testcase5" finished-at="2023-09-21T16:55:47 IST" duration-ms="7937" status="PASS">
          <reporter-output>
          </reporter-output>
        </test-method> <!-- testcase5 -->
      </class> <!-- UserApp.TestLoginUR -->
    </test> <!-- Default test -->
  </suite> <!-- Default suite -->
</testng-results>
